<?xml version="1.0" encoding="UTF-8"?>
<!-- Generated by org.testng.reporters.JUnitReportReporter -->
<testsuite hostname="DESKTOP-0SIUKCO" failures="0" tests="1" name="com.example.AppTest" time="0.008" errors="0" timestamp="2022-06-08T13:34:33 WIB" skipped="0">
  <testcase classname="com.example.AppTest" name="shouldAnswerWithTrue" time="0.008"/>
  <system-out/>
</testsuite> <!-- com.example.AppTest -->
